2023-06-03 14:58:44,634 INFO PERFORMANCE:|0|0|-1|-1

2023-06-03 15:03:58,045 INFO PERFORMANCE:|0|0|-1|-1

2023-06-03 15:08:58,052 INFO PERFORMANCE:|0|0|-1|-1

2023-06-03 15:13:58,060 INFO PERFORMANCE:|1|1|-1|-1

2023-06-03 15:18:58,074 INFO PERFORMANCE:|3|3|-1|-1

2023-06-03 15:23:58,080 INFO PERFORMANCE:|3|3|-1|-1

2023-06-03 15:28:58,094 INFO PERFORMANCE:|3|3|-1|-1

2023-06-03 15:33:58,100 INFO PERFORMANCE:|3|0|-1|-1

2023-06-03 15:38:58,106 INFO PERFORMANCE:|3|5|-1|-1

2023-06-03 15:43:58,111 INFO PERFORMANCE:|3|4|-1|-1

2023-06-03 15:48:58,121 INFO PERFORMANCE:|3|5|-1|-1

2023-06-03 15:53:58,130 INFO PERFORMANCE:|3|5|-1|-1

2023-06-03 15:58:58,140 INFO PERFORMANCE:|3|5|-1|-1

2023-06-03 16:03:58,150 INFO PERFORMANCE:|3|5|-1|-1

2023-06-03 16:08:58,161 INFO PERFORMANCE:|3|5|-1|-1

2023-06-03 16:13:58,166 INFO PERFORMANCE:|3|6|-1|-1

2023-06-03 16:18:58,181 INFO PERFORMANCE:|3|6|-1|-1

2023-06-03 16:23:58,186 INFO PERFORMANCE:|3|6|-1|-1

2023-06-03 16:28:58,196 INFO PERFORMANCE:|3|4|1|0

2023-06-03 16:33:58,202 INFO PERFORMANCE:|3|6|-1|-1

2023-06-03 16:38:58,207 INFO PERFORMANCE:|3|6|-1|-1

2023-06-03 16:43:58,216 INFO PERFORMANCE:|3|6|-1|-1

2023-06-03 16:48:58,224 INFO PERFORMANCE:|3|6|-1|-1

2023-06-03 16:53:58,228 INFO PERFORMANCE:|3|6|-1|-1

2023-06-03 16:58:58,228 INFO PERFORMANCE:|3|6|-1|-1

2023-06-03 17:03:58,229 INFO PERFORMANCE:|3|6|-1|-1

2023-06-03 17:08:58,230 INFO PERFORMANCE:|3|6|-1|-1

2023-06-03 17:13:58,230 INFO PERFORMANCE:|3|6|-1|-1

2023-06-03 17:18:58,230 INFO PERFORMANCE:|3|6|-1|-1

2023-06-03 17:23:58,231 INFO PERFORMANCE:|3|6|-1|-1

2023-06-03 17:28:58,231 INFO PERFORMANCE:|3|6|-1|-1

2023-06-03 17:33:58,232 INFO PERFORMANCE:|3|6|-1|-1

2023-06-03 17:38:58,232 INFO PERFORMANCE:|3|6|-1|-1

2023-06-03 17:43:58,232 INFO PERFORMANCE:|3|6|8|2

2023-06-03 17:48:58,236 INFO PERFORMANCE:|3|6|-1|-1

2023-06-03 17:53:58,237 INFO PERFORMANCE:|3|6|1|1

2023-06-03 17:58:58,252 INFO PERFORMANCE:|3|6|-1|-1

2023-06-03 18:03:58,265 INFO PERFORMANCE:|3|6|-1|-1

2023-06-03 18:08:58,269 INFO PERFORMANCE:|3|2|-1|-1

2023-06-03 18:13:58,279 INFO PERFORMANCE:|3|6|-1|-1

2023-06-03 18:18:58,279 INFO PERFORMANCE:|3|6|-1|-1

